[2023-02-02T09:40:59.975] [info] non-service runs
[2023-02-02T09:40:59.989] [info] service runs: .\sys-service-scaffolding.exe -s install
[2023-02-02T09:41:07.887] [info] non-service runs
[2023-02-02T09:41:07.899] [info] service runs: .\sys-service-scaffolding.exe -s install
[2023-02-02T09:41:20.365] [info] non-service runs
[2023-02-02T09:41:20.378] [info] service runs: .\sys-service-scaffolding.exe -s install
[2023-02-02T09:41:34.917] [info] non-service runs
[2023-02-02T09:41:34.929] [info] service runs: .\sys-service-scaffolding.exe -s install
[2023-02-02T09:41:35.151] [info] 2023-02-02 09:41:35.1512449 +0800 CST m=+0.239070601
[2023-02-02T09:41:35.153] [error] 2023-02-02 09:41:35.153031 +0800 CST m=+0.240856701Error
[2023-02-02T09:41:35.297] [info] 2023-02-02 09:41:35.2972167 +0800 CST m=+0.385042401
[2023-02-02T09:41:35.297] [error] 2023-02-02 09:41:35.297674 +0800 CST m=+0.385499701Error
[2023-02-02T09:41:43.506] [info] non-service runs
[2023-02-02T09:41:43.522] [info] service runs: .\sys-service-scaffolding.exe -s install
[2023-02-02T09:41:43.709] [info] 2023-02-02 09:41:43.7091075 +0800 CST m=+0.206850701
[2023-02-02T09:41:43.709] [error] 2023-02-02 09:41:43.7091075 +0800 CST m=+0.206850701Error
[2023-02-02T09:41:43.810] [info] 2023-02-02 09:41:43.8105306 +0800 CST m=+0.308273801
[2023-02-02T09:41:43.811] [error] 2023-02-02 09:41:43.8113648 +0800 CST m=+0.309108001Error
[2023-02-02T09:41:48.726] [info] 2023-02-02 09:41:48.7265697 +0800 CST m=+5.224312901
[2023-02-02T09:41:48.727] [error] 2023-02-02 09:41:48.7271377 +0800 CST m=+5.224880901Error
[2023-02-02T09:41:48.753] [info] 2023-02-02 09:41:48.7530668 +0800 CST m=+5.250810001
[2023-02-02T09:41:48.757] [error] 2023-02-02 09:41:48.7576006 +0800 CST m=+5.255343801Error
[2023-02-02T09:41:49.208] [info] 2023-02-02 09:41:49.2084417 +0800 CST m=+5.706184901
[2023-02-02T09:41:49.208] [error] 2023-02-02 09:41:49.2088951 +0800 CST m=+5.706638301Error
[2023-02-02T09:41:49.237] [info] 2023-02-02 09:41:49.2379617 +0800 CST m=+5.735704901
[2023-02-02T09:41:49.238] [error] 2023-02-02 09:41:49.2387016 +0800 CST m=+5.736444801Error
[2023-02-02T09:41:49.401] [info] 2023-02-02 09:41:49.4015263 +0800 CST m=+5.899269501
[2023-02-02T09:41:49.406] [error] 2023-02-02 09:41:49.4060475 +0800 CST m=+5.903790701Error
[2023-02-02T09:41:49.456] [info] 2023-02-02 09:41:49.4564741 +0800 CST m=+5.954217301
[2023-02-02T09:41:49.456] [error] 2023-02-02 09:41:49.4568039 +0800 CST m=+5.954547101Error
[2023-02-02T09:41:49.577] [info] 2023-02-02 09:41:49.5772888 +0800 CST m=+6.075032001
[2023-02-02T09:41:49.577] [error] 2023-02-02 09:41:49.5779731 +0800 CST m=+6.075716301Error
[2023-02-02T09:41:49.602] [info] 2023-02-02 09:41:49.6023266 +0800 CST m=+6.100069801
[2023-02-02T09:41:49.602] [error] 2023-02-02 09:41:49.602594 +0800 CST m=+6.100337201Error
[2023-02-02T09:41:49.742] [info] 2023-02-02 09:41:49.7421286 +0800 CST m=+6.239871801
[2023-02-02T09:41:49.743] [error] 2023-02-02 09:41:49.7430277 +0800 CST m=+6.240770901Error
[2023-02-02T09:41:49.768] [info] 2023-02-02 09:41:49.7689363 +0800 CST m=+6.266679501
[2023-02-02T09:41:49.769] [error] 2023-02-02 09:41:49.7691101 +0800 CST m=+6.266853301Error
[2023-02-02T09:41:49.898] [info] 2023-02-02 09:41:49.8988737 +0800 CST m=+6.396616901
[2023-02-02T09:41:49.901] [error] 2023-02-02 09:41:49.9015824 +0800 CST m=+6.399325601Error
[2023-02-02T09:41:49.923] [info] 2023-02-02 09:41:49.9234252 +0800 CST m=+6.421168401
[2023-02-02T09:41:49.923] [error] 2023-02-02 09:41:49.9235989 +0800 CST m=+6.421342101Error
[2023-02-02T09:41:50.050] [info] 2023-02-02 09:41:50.0500077 +0800 CST m=+6.547750901
[2023-02-02T09:41:50.050] [error] 2023-02-02 09:41:50.0500077 +0800 CST m=+6.547750901Error
[2023-02-02T09:41:50.077] [info] 2023-02-02 09:41:50.0778382 +0800 CST m=+6.575581401
[2023-02-02T09:41:50.078] [error] 2023-02-02 09:41:50.0782041 +0800 CST m=+6.575947301Error
[2023-02-02T09:41:50.204] [info] 2023-02-02 09:41:50.2042723 +0800 CST m=+6.702015501
[2023-02-02T09:41:50.205] [error] 2023-02-02 09:41:50.2052709 +0800 CST m=+6.703014101Error
[2023-02-02T09:41:50.230] [info] 2023-02-02 09:41:50.2304855 +0800 CST m=+6.728228701
[2023-02-02T09:41:50.230] [error] 2023-02-02 09:41:50.2305733 +0800 CST m=+6.728316501Error
[2023-02-02T09:41:50.361] [info] 2023-02-02 09:41:50.3616243 +0800 CST m=+6.859367501
[2023-02-02T09:41:50.367] [error] 2023-02-02 09:41:50.3673316 +0800 CST m=+6.865074801Error
[2023-02-02T09:41:50.390] [info] 2023-02-02 09:41:50.3907266 +0800 CST m=+6.888469801
[2023-02-02T09:41:50.391] [error] 2023-02-02 09:41:50.3910014 +0800 CST m=+6.888744601Error
[2023-02-02T09:41:50.531] [info] 2023-02-02 09:41:50.5314401 +0800 CST m=+7.029183301
[2023-02-02T09:41:50.540] [error] 2023-02-02 09:41:50.5405961 +0800 CST m=+7.038339301Error
[2023-02-02T09:41:50.567] [info] 2023-02-02 09:41:50.5672232 +0800 CST m=+7.064966401
[2023-02-02T09:41:50.568] [error] 2023-02-02 09:41:50.5680541 +0800 CST m=+7.065797301Error
[2023-02-02T09:41:50.700] [info] 2023-02-02 09:41:50.7003768 +0800 CST m=+7.198120001
[2023-02-02T09:41:50.701] [error] 2023-02-02 09:41:50.7013201 +0800 CST m=+7.199063301Error
[2023-02-02T09:41:50.724] [info] 2023-02-02 09:41:50.7241693 +0800 CST m=+7.221912501
[2023-02-02T09:41:50.725] [error] 2023-02-02 09:41:50.7251465 +0800 CST m=+7.222889701Error
[2023-02-02T09:41:50.857] [info] 2023-02-02 09:41:50.8578717 +0800 CST m=+7.355614901
[2023-02-02T09:41:50.859] [error] 2023-02-02 09:41:50.8595832 +0800 CST m=+7.357326401Error
[2023-02-02T09:41:50.902] [info] 2023-02-02 09:41:50.9026285 +0800 CST m=+7.400371701
[2023-02-02T09:41:50.902] [error] 2023-02-02 09:41:50.9029146 +0800 CST m=+7.400657801Error
[2023-02-02T09:42:30.635] [info] 2023-02-02 09:42:30.6353749 +0800 CST m=+47.133118101
[2023-02-02T09:42:30.636] [error] 2023-02-02 09:42:30.6363755 +0800 CST m=+47.134118701Error
[2023-02-02T09:42:30.659] [info] 2023-02-02 09:42:30.6597645 +0800 CST m=+47.157507701
[2023-02-02T09:42:30.660] [error] 2023-02-02 09:42:30.6604063 +0800 CST m=+47.158149501Error
[2023-02-02T09:43:44.255] [info] 2023-02-02 09:43:44.2556654 +0800 CST m=+120.753408601
[2023-02-02T09:43:44.255] [error] 2023-02-02 09:43:44.2556654 +0800 CST m=+120.753408601Error
[2023-02-02T09:43:44.270] [info] 2023-02-02 09:43:44.270857 +0800 CST m=+120.768600201
[2023-02-02T09:43:44.280] [error] 2023-02-02 09:43:44.280874 +0800 CST m=+120.778617201Error
[2023-02-02T09:44:54.353] [info] non-service runs
[2023-02-02T09:44:54.365] [info] service runs: .\sys-service-scaffolding.exe -s install
[2023-02-02T09:51:21.258] [info] non-service runs
[2023-02-02T09:51:21.270] [info] service runs: .\sys-service-scaffolding.exe -s install
[2023-02-02T09:51:21.525] [info] 2023-02-02 09:51:21.5254461 +0800 CST m=+0.274434201
[2023-02-02T09:51:21.525] [error] 2023-02-02 09:51:21.5254461 +0800 CST m=+0.274434201Error
[2023-02-02T09:51:21.720] [info] 2023-02-02 09:51:21.72026 +0800 CST m=+0.469248101
[2023-02-02T09:51:21.720] [error] 2023-02-02 09:51:21.7206629 +0800 CST m=+0.469651001Error
[2023-02-02T09:51:23.640] [info] 2023-02-02 09:51:23.6407512 +0800 CST m=+2.389739301
[2023-02-02T09:51:23.640] [error] 2023-02-02 09:51:23.6407512 +0800 CST m=+2.389739301Error
[2023-02-02T09:51:23.671] [info] 2023-02-02 09:51:23.6716242 +0800 CST m=+2.420612301
[2023-02-02T09:51:23.672] [error] 2023-02-02 09:51:23.6721873 +0800 CST m=+2.421175401Error
[2023-02-02T09:52:20.413] [info] non-service runs
[2023-02-02T09:52:20.426] [info] service runs: .\sys-service-scaffolding.exe -s install
[2023-02-02T09:52:29.047] [info] non-service runs
[2023-02-02T09:52:29.060] [info] service runs: .\sys-service-scaffolding.exe -s install
[2023-02-02T09:52:39.833] [info] non-service runs
[2023-02-02T09:52:39.845] [info] service runs: .\sys-service-scaffolding.exe -s install
[2023-02-02T09:52:49.710] [info] non-service runs
[2023-02-02T09:52:49.724] [info] service runs: .\sys-service-scaffolding.exe -s install
[2023-02-02T09:52:49.974] [info] 2023-02-02 09:52:49.9749856 +0800 CST m=+0.270043601
[2023-02-02T09:52:49.974] [error] 2023-02-02 09:52:49.9749856 +0800 CST m=+0.270043601Error
[2023-02-02T09:52:50.095] [info] 2023-02-02 09:52:50.0950553 +0800 CST m=+0.390113301
[2023-02-02T09:52:50.095] [error] 2023-02-02 09:52:50.0956328 +0800 CST m=+0.390690801Error
[2023-02-02T09:52:52.875] [info] 2023-02-02 09:52:52.8758474 +0800 CST m=+3.170905401
[2023-02-02T09:52:52.875] [error] 2023-02-02 09:52:52.8758474 +0800 CST m=+3.170905401Error
[2023-02-02T09:52:52.927] [info] 2023-02-02 09:52:52.9275558 +0800 CST m=+3.222613801
[2023-02-02T09:52:52.928] [error] 2023-02-02 09:52:52.9275558 +0800 CST m=+3.222613801Error
[2023-02-02T09:52:53.279] [info] 2023-02-02 09:52:53.2795875 +0800 CST m=+3.574645501
[2023-02-02T09:52:53.279] [error] 2023-02-02 09:52:53.2796827 +0800 CST m=+3.574740701Error
[2023-02-02T09:52:53.308] [info] 2023-02-02 09:52:53.3089293 +0800 CST m=+3.603987301
[2023-02-02T09:52:53.309] [error] 2023-02-02 09:52:53.3091086 +0800 CST m=+3.604166601Error
[2023-02-02T09:52:53.489] [info] 2023-02-02 09:52:53.4899428 +0800 CST m=+3.785000801
[2023-02-02T09:52:53.490] [error] 2023-02-02 09:52:53.4905586 +0800 CST m=+3.785616601Error
[2023-02-02T09:52:53.518] [info] 2023-02-02 09:52:53.5185607 +0800 CST m=+3.813618701
[2023-02-02T09:52:53.518] [error] 2023-02-02 09:52:53.5188515 +0800 CST m=+3.813909501Error
[2023-02-02T09:53:29.032] [info] non-service runs
[2023-02-02T09:53:29.047] [info] service runs: .\sys-service-scaffolding.exe -s install
[2023-02-02T09:53:29.253] [info] 2023-02-02 09:53:29.2532038 +0800 CST m=+0.225875701
[2023-02-02T09:53:29.253] [error] 2023-02-02 09:53:29.253815 +0800 CST m=+0.226486901Error
[2023-02-02T09:53:29.401] [info] 2023-02-02 09:53:29.4012224 +0800 CST m=+0.373894301
[2023-02-02T09:53:29.401] [error] 2023-02-02 09:53:29.4016688 +0800 CST m=+0.374340701Error
[2023-02-02T09:53:41.767] [info] 2023-02-02 09:53:41.7676091 +0800 CST m=+12.740281001
[2023-02-02T09:53:41.768] [error] 2023-02-02 09:53:41.768202 +0800 CST m=+12.740873901Error
[2023-02-02T09:53:41.814] [info] 2023-02-02 09:53:41.8146301 +0800 CST m=+12.787302001
[2023-02-02T09:53:41.815] [error] 2023-02-02 09:53:41.8151896 +0800 CST m=+12.787861501Error
[2023-02-02T09:54:44.594] [info] non-service runs
[2023-02-02T09:54:44.608] [info] service runs: .\sys-service-scaffolding.exe -s install
[2023-02-02T09:54:44.777] [info] 2023-02-02 09:54:44.777941 +0800 CST m=+0.187495901
[2023-02-02T09:54:44.778] [error] 2023-02-02 09:54:44.7784699 +0800 CST m=+0.188024801Error
[2023-02-02T09:54:44.914] [info] 2023-02-02 09:54:44.9147439 +0800 CST m=+0.324298801
[2023-02-02T09:54:44.914] [error] 2023-02-02 09:54:44.9149528 +0800 CST m=+0.324507701Error
[2023-02-02T09:54:49.716] [info] 2023-02-02 09:54:49.716349 +0800 CST m=+5.125903901
[2023-02-02T09:54:49.716] [error] 2023-02-02 09:54:49.716349 +0800 CST m=+5.125903901Error
[2023-02-02T09:54:49.746] [info] 2023-02-02 09:54:49.7469256 +0800 CST m=+5.156480501
[2023-02-02T09:54:49.747] [error] 2023-02-02 09:54:49.7477256 +0800 CST m=+5.157280501Error
[2023-02-02T09:54:50.636] [info] 2023-02-02 09:54:50.6364046 +0800 CST m=+6.045959501
[2023-02-02T09:54:50.636] [error] 2023-02-02 09:54:50.6366096 +0800 CST m=+6.046164501Error
[2023-02-02T09:54:50.664] [info] 2023-02-02 09:54:50.6645353 +0800 CST m=+6.074090201
[2023-02-02T09:54:50.665] [error] 2023-02-02 09:54:50.6651549 +0800 CST m=+6.074709801Error
[2023-02-02T09:54:53.376] [info] 2023-02-02 09:54:53.3763891 +0800 CST m=+8.785944001
[2023-02-02T09:54:53.376] [error] 2023-02-02 09:54:53.3768083 +0800 CST m=+8.786363201Error
[2023-02-02T09:54:53.418] [info] 2023-02-02 09:54:53.4188264 +0800 CST m=+8.828381301
[2023-02-02T09:54:53.419] [error] 2023-02-02 09:54:53.4194442 +0800 CST m=+8.828999101Error
[2023-02-02T09:55:04.346] [info] 2023-02-02 09:55:04.3469989 +0800 CST m=+19.756553801
[2023-02-02T09:55:06.020] [error] 2023-02-02 09:55:06.0206826 +0800 CST m=+21.430237501Error
[2023-02-02T09:55:06.049] [info] 2023-02-02 09:55:06.0499659 +0800 CST m=+21.459520801
[2023-02-02T09:55:07.068] [error] 2023-02-02 09:55:07.0688262 +0800 CST m=+22.478381101Error
[2023-02-02T09:58:34.337] [info] non-service runs
[2023-02-02T09:58:34.350] [info] service runs: .\sys-service-scaffolding.exe -s install
[2023-02-02T09:58:34.546] [info] 2023-02-02 09:58:34.5468261 +0800 CST m=+0.213874601
[2023-02-02T09:58:34.546] [error] 2023-02-02 09:58:34.5468261 +0800 CST m=+0.213874601Error
[2023-02-02T09:58:34.677] [info] 2023-02-02 09:58:34.6770524 +0800 CST m=+0.344100901
[2023-02-02T09:58:34.677] [error] 2023-02-02 09:58:34.6776775 +0800 CST m=+0.344726001Error
[2023-02-02T09:59:27.453] [info] non-service runs
[2023-02-02T09:59:27.466] [info] service runs: .\sys-service-scaffolding.exe -s install
[2023-02-02T09:59:48.772] [info] 2023-02-02 09:59:48.7729923 +0800 CST m=+21.323549801
[2023-02-02T09:59:48.772] [error] 2023-02-02 09:59:48.7729923 +0800 CST m=+21.323549801Error
[2023-02-02T09:59:48.842] [info] 2023-02-02 09:59:48.8423256 +0800 CST m=+21.392883101
[2023-02-02T09:59:48.842] [error] 2023-02-02 09:59:48.8425976 +0800 CST m=+21.393155101Error
[2023-02-02T10:00:40.394] [info] 2023-02-02 10:00:40.3947099 +0800 CST m=+72.945267401
[2023-02-02T10:00:40.394] [error] 2023-02-02 10:00:40.3948919 +0800 CST m=+72.945449401Error
[2023-02-02T10:00:40.437] [info] 2023-02-02 10:00:40.4370079 +0800 CST m=+72.987565401
[2023-02-02T10:00:40.437] [error] 2023-02-02 10:00:40.4370079 +0800 CST m=+72.987565401Error
[2023-02-02T10:01:05.364] [info] non-service runs
[2023-02-02T10:01:05.377] [info] service runs: .\sys-service-scaffolding.exe -s install
[2023-02-02T10:01:07.760] [info] 2023-02-02 10:01:07.7600139 +0800 CST m=+2.399795901
[2023-02-02T10:01:07.787] [info] 2023-02-02 10:01:07.7871184 +0800 CST m=+2.426900401
[2023-02-02T10:01:18.958] [info] 2023-02-02 10:01:18.958091 +0800 CST m=+13.597873001
[2023-02-02T10:01:18.983] [info] 2023-02-02 10:01:18.9833144 +0800 CST m=+13.623096401
[2023-02-02T10:01:22.188] [info] 2023-02-02 10:01:22.1885771 +0800 CST m=+16.828359101
[2023-02-02T10:01:22.215] [info] 2023-02-02 10:01:22.2153471 +0800 CST m=+16.855129101
[2023-02-02T10:02:00.217] [info] 2023-02-02 10:02:00.217034 +0800 CST m=+54.856816001
[2023-02-02T10:02:01.118] [info] 2023-02-02 10:02:01.1184646 +0800 CST m=+55.758246601
[2023-02-02T10:02:01.675] [info] 2023-02-02 10:02:01.6752569 +0800 CST m=+56.315038901
[2023-02-02T10:02:02.219] [info] 2023-02-02 10:02:02.2192038 +0800 CST m=+56.858985801
[2023-02-02T10:02:02.853] [info] 2023-02-02 10:02:02.8537023 +0800 CST m=+57.493484301
[2023-02-02T10:02:08.137] [info] 2023-02-02 10:02:08.137925 +0800 CST m=+62.777707001
[2023-02-02T10:02:08.173] [info] 2023-02-02 10:02:08.1735251 +0800 CST m=+62.813307101
[2023-02-02T10:02:26.200] [info] 2023-02-02 10:02:26.2002707 +0800 CST m=+80.840052701
[2023-02-02T10:02:26.250] [info] 2023-02-02 10:02:26.2505514 +0800 CST m=+80.890333401
[2023-02-02T10:02:53.538] [info] 2023-02-02 10:02:53.538439 +0800 CST m=+108.178221001
[2023-02-02T10:02:53.606] [info] 2023-02-02 10:02:53.606719 +0800 CST m=+108.246501001
[2023-02-02T10:03:02.483] [info] 2023-02-02 10:03:02.4837679 +0800 CST m=+117.123549901
[2023-02-02T10:03:02.508] [info] 2023-02-02 10:03:02.5081955 +0800 CST m=+117.147977501
[2023-02-02T10:05:28.414] [info] 2023-02-02 10:05:28.4144632 +0800 CST m=+263.054245201
[2023-02-02T10:05:28.440] [info] 2023-02-02 10:05:28.4409183 +0800 CST m=+263.080700301
[2023-02-02T10:05:34.036] [info] 2023-02-02 10:05:34.0364039 +0800 CST m=+268.676185901
[2023-02-02T10:05:34.071] [info] 2023-02-02 10:05:34.0718114 +0800 CST m=+268.711593401
[2023-02-02T10:05:35.994] [info] 2023-02-02 10:05:35.9940561 +0800 CST m=+270.633838101
[2023-02-02T10:05:36.020] [info] 2023-02-02 10:05:36.0203267 +0800 CST m=+270.660108701
[2023-02-02T10:05:36.614] [info] 2023-02-02 10:05:36.6146224 +0800 CST m=+271.254404401
[2023-02-02T10:05:36.636] [info] 2023-02-02 10:05:36.6367523 +0800 CST m=+271.276534301
[2023-02-02T10:05:41.299] [info] 2023-02-02 10:05:41.2994907 +0800 CST m=+275.939272701
[2023-02-02T10:05:41.326] [info] 2023-02-02 10:05:41.3265557 +0800 CST m=+275.966337701
[2023-02-02T10:12:37.897] [info] non-service runs
[2023-02-02T10:12:37.908] [info] service runs: .\sys-service-scaffolding.exe -s install
[2023-02-02T10:12:44.140] [info] 127.0.0.1:55637
[2023-02-02T10:12:44.195] [info] 127.0.0.1:55637
[2023-02-02T10:12:44.780] [info] 127.0.0.1:55637
[2023-02-02T10:12:44.813] [info] 127.0.0.1:55637
[2023-02-02T10:12:45.058] [info] 127.0.0.1:55637
[2023-02-02T10:12:45.086] [info] 127.0.0.1:55637
[2023-02-02T10:12:45.307] [info] 127.0.0.1:55637
[2023-02-02T10:12:45.333] [info] 127.0.0.1:55637
[2023-02-02T10:12:45.654] [info] 127.0.0.1:55637
[2023-02-02T10:12:45.680] [info] 127.0.0.1:55637
[2023-02-02T10:12:56.756] [info] 127.0.0.1:55637
[2023-02-02T10:12:56.785] [info] 127.0.0.1:55637
[2023-02-02T10:13:03.835] [info] 127.0.0.1:55637
[2023-02-02T10:13:03.892] [info] 127.0.0.1:55637
